[debug] [2022-06-19T14:50:16.214Z] ----------------------------------------------------------------------
[debug] [2022-06-19T14:50:16.220Z] Command:       C:\Program Files\nodejs\node.exe C:\Users\cookie\AppData\Roaming\npm\node_modules\firebase-tools\lib\bin\firebase.js deploy
[debug] [2022-06-19T14:50:16.221Z] CLI Version:   11.1.0
[debug] [2022-06-19T14:50:16.222Z] Platform:      win32
[debug] [2022-06-19T14:50:16.222Z] Node Version:  v17.8.0
[debug] [2022-06-19T14:50:16.227Z] Time:          Sun Jun 19 2022 23:50:16 GMT+0900 (日本標準時)
[debug] [2022-06-19T14:50:16.228Z] ----------------------------------------------------------------------
[debug] 
[debug] [2022-06-19T14:50:16.400Z] > command requires scopes: ["email","openid","https://www.googleapis.com/auth/cloudplatformprojects.readonly","https://www.googleapis.com/auth/firebase","https://www.googleapis.com/auth/cloud-platform"]
[debug] [2022-06-19T14:50:16.401Z] > authorizing via signed-in user (330523051107a@gmail.com)
[debug] [2022-06-19T14:50:16.402Z] [iam] checking project my-project-5af72 for permissions ["firebase.projects.get","firebasehosting.sites.update"]
[debug] [2022-06-19T14:50:16.407Z] > refreshing access token with scopes: []
[debug] [2022-06-19T14:50:16.412Z] >>> [apiv2][query] POST https://www.googleapis.com/oauth2/v3/token [none]
[debug] [2022-06-19T14:50:16.412Z] >>> [apiv2][body] POST https://www.googleapis.com/oauth2/v3/token [omitted]
[debug] [2022-06-19T14:50:16.964Z] <<< [apiv2][status] POST https://www.googleapis.com/oauth2/v3/token 200
[debug] [2022-06-19T14:50:16.965Z] <<< [apiv2][body] POST https://www.googleapis.com/oauth2/v3/token [omitted]
[debug] [2022-06-19T14:50:17.045Z] >>> [apiv2][query] POST https://cloudresourcemanager.googleapis.com/v1/projects/my-project-5af72:testIamPermissions [none]
[debug] [2022-06-19T14:50:17.046Z] >>> [apiv2][body] POST https://cloudresourcemanager.googleapis.com/v1/projects/my-project-5af72:testIamPermissions {"permissions":["firebase.projects.get","firebasehosting.sites.update"]}
[debug] [2022-06-19T14:50:17.797Z] <<< [apiv2][status] POST https://cloudresourcemanager.googleapis.com/v1/projects/my-project-5af72:testIamPermissions 200
[debug] [2022-06-19T14:50:17.798Z] <<< [apiv2][body] POST https://cloudresourcemanager.googleapis.com/v1/projects/my-project-5af72:testIamPermissions {"permissions":["firebase.projects.get","firebasehosting.sites.update"]}
[debug] [2022-06-19T14:50:17.803Z] >>> [apiv2][query] GET https://firebase.googleapis.com/v1beta1/projects/my-project-5af72 [none]
[debug] [2022-06-19T14:50:18.302Z] <<< [apiv2][status] GET https://firebase.googleapis.com/v1beta1/projects/my-project-5af72 200
[debug] [2022-06-19T14:50:18.303Z] <<< [apiv2][body] GET https://firebase.googleapis.com/v1beta1/projects/my-project-5af72 {"projectId":"my-project-5af72","projectNumber":"1015615206330","displayName":"my-project","name":"projects/my-project-5af72","resources":{"hostingSite":"my-project-5af72","storageBucket":"my-project-5af72.appspot.com","locationId":"asia-northeast1"},"state":"ACTIVE"}
[info] 
[info] === Deploying to 'my-project-5af72'...
[info] 
[info] i  deploying hosting 
[debug] [2022-06-19T14:50:18.319Z] >>> [apiv2][query] GET https://firebase.googleapis.com/v1beta1/projects/my-project-5af72 [none]
[debug] [2022-06-19T14:50:18.681Z] <<< [apiv2][status] GET https://firebase.googleapis.com/v1beta1/projects/my-project-5af72 200
[debug] [2022-06-19T14:50:18.681Z] <<< [apiv2][body] GET https://firebase.googleapis.com/v1beta1/projects/my-project-5af72 {"projectId":"my-project-5af72","projectNumber":"1015615206330","displayName":"my-project","name":"projects/my-project-5af72","resources":{"hostingSite":"my-project-5af72","storageBucket":"my-project-5af72.appspot.com","locationId":"asia-northeast1"},"state":"ACTIVE"}
[debug] [2022-06-19T14:50:18.686Z] >>> [apiv2][query] POST https://firebasehosting.googleapis.com/v1beta1/projects/1015615206330/sites/my-project-5af72/versions [none]
[debug] [2022-06-19T14:50:18.686Z] >>> [apiv2][body] POST https://firebasehosting.googleapis.com/v1beta1/projects/1015615206330/sites/my-project-5af72/versions {"config":{"rewrites":[{"glob":"**","path":"/index.html"}]},"labels":{"deployment-tool":"cli-firebase"}}
[debug] [2022-06-19T14:50:19.785Z] <<< [apiv2][status] POST https://firebasehosting.googleapis.com/v1beta1/projects/1015615206330/sites/my-project-5af72/versions 500
[debug] [2022-06-19T14:50:19.785Z] <<< [apiv2][body] POST https://firebasehosting.googleapis.com/v1beta1/projects/1015615206330/sites/my-project-5af72/versions {"error":{"code":500,"message":"Internal error encountered.","status":"INTERNAL"}}
[error] 
[error] Error: HTTP Error: 500, Internal error encountered.
[debug] [2022-06-19T14:50:19.954Z] Error Context: {
  "body": {
    "error": {
      "code": 500,
      "message": "Internal error encountered.",
      "status": "INTERNAL"
    }
  },
  "response": {
    "statusCode": 500
  }
}
